0 info it worked if it ends with ok
1 verbose cli [ 'node', '/usr/local/bin/npm', 'install', '-g', 'nodemon' ]
2 info using npm@2.11.3
3 info using node@v0.12.7
4 verbose install initial load of /usr/local/lib/package.json
5 verbose readDependencies loading dependencies from /usr/local/lib/package.json
6 silly cache add args [ 'nodemon', null ]
7 verbose cache add spec nodemon
8 silly cache add parsed spec { raw: 'nodemon',
8 silly cache add   scope: null,
8 silly cache add   name: 'nodemon',
8 silly cache add   rawSpec: '',
8 silly cache add   spec: '*',
8 silly cache add   type: 'range' }
9 silly addNamed nodemon@*
10 verbose addNamed "*" is a valid semver range for nodemon
11 silly addNameRange { name: 'nodemon', range: '*', hasData: false }
12 silly mapToRegistry name nodemon
13 silly mapToRegistry using default registry
14 silly mapToRegistry registry https://registry.npmjs.org/
15 silly mapToRegistry uri https://registry.npmjs.org/nodemon
16 verbose addNameRange registry:https://registry.npmjs.org/nodemon not in flight; fetching
17 verbose request uri https://registry.npmjs.org/nodemon
18 verbose request no auth needed
19 info attempt registry request try #1 at 11:55:11 AM
20 verbose request id de61c0629ae1e937
21 verbose etag "A7GJULA82BU6BZR65GOSDPP1N"
22 http request GET https://registry.npmjs.org/nodemon
23 http 200 https://registry.npmjs.org/nodemon
24 silly get cb [ 200,
24 silly get   { server: 'CouchDB/1.5.0 (Erlang OTP/R16B03)',
24 silly get     etag: '"98IEJ90WEHUZ4KJQKY56CBY1Y"',
24 silly get     'content-type': 'application/json',
24 silly get     'cache-control': 'max-age=60',
24 silly get     'content-length': '164932',
24 silly get     'accept-ranges': 'bytes',
24 silly get     date: 'Wed, 16 Sep 2015 18:55:12 GMT',
24 silly get     via: '1.1 varnish',
24 silly get     age: '37',
24 silly get     connection: 'keep-alive',
24 silly get     'x-served-by': 'cache-sjc3134-SJC',
24 silly get     'x-cache': 'HIT',
24 silly get     'x-cache-hits': '68',
24 silly get     'x-timer': 'S1442429712.055673,VS0,VE0',
24 silly get     vary: 'Accept' } ]
25 verbose get saving nodemon to /Users/glenngonda/.npm/registry.npmjs.org/nodemon/.cache.json
26 silly addNameRange number 2 { name: 'nodemon', range: '*', hasData: true }
27 silly addNameRange versions [ 'nodemon',
27 silly addNameRange   [ '0.1.4',
27 silly addNameRange     '0.1.5',
27 silly addNameRange     '0.1.6',
27 silly addNameRange     '0.1.7',
27 silly addNameRange     '0.1.8',
27 silly addNameRange     '0.2.0',
27 silly addNameRange     '0.2.1',
27 silly addNameRange     '0.2.2',
27 silly addNameRange     '0.3.0',
27 silly addNameRange     '0.3.1',
27 silly addNameRange     '0.3.2',
27 silly addNameRange     '0.4.0',
27 silly addNameRange     '0.4.1',
27 silly addNameRange     '0.5.0',
27 silly addNameRange     '0.5.1',
27 silly addNameRange     '0.5.2',
27 silly addNameRange     '0.5.3',
27 silly addNameRange     '0.5.4',
27 silly addNameRange     '0.5.5',
27 silly addNameRange     '0.5.6',
27 silly addNameRange     '0.5.7',
27 silly addNameRange     '0.6.0',
27 silly addNameRange     '0.6.1',
27 silly addNameRange     '0.6.2',
27 silly addNameRange     '0.6.3',
27 silly addNameRange     '0.6.4',
27 silly addNameRange     '0.6.5',
27 silly addNameRange     '0.6.6',
27 silly addNameRange     '0.6.7',
27 silly addNameRange     '0.6.8',
27 silly addNameRange     '0.6.9',
27 silly addNameRange     '0.6.10',
27 silly addNameRange     '0.6.11',
27 silly addNameRange     '0.6.12',
27 silly addNameRange     '0.6.13',
27 silly addNameRange     '0.6.14',
27 silly addNameRange     '0.6.15',
27 silly addNameRange     '0.6.16',
27 silly addNameRange     '0.6.17',
27 silly addNameRange     '0.6.18',
27 silly addNameRange     '0.6.19',
27 silly addNameRange     '0.6.20',
27 silly addNameRange     '0.6.21',
27 silly addNameRange     '0.6.22',
27 silly addNameRange     '0.6.23',
27 silly addNameRange     '0.7.0',
27 silly addNameRange     '0.7.1',
27 silly addNameRange     '0.7.2',
27 silly addNameRange     '0.7.3',
27 silly addNameRange     '0.7.4',
27 silly addNameRange     '0.7.5',
27 silly addNameRange     '0.7.6',
27 silly addNameRange     '0.7.7',
27 silly addNameRange     '0.7.8',
27 silly addNameRange     '0.7.10',
27 silly addNameRange     '0.9.0',
27 silly addNameRange     '0.9.1',
27 silly addNameRange     '0.9.2',
27 silly addNameRange     '0.9.3',
27 silly addNameRange     '0.9.5',
27 silly addNameRange     '0.9.6',
27 silly addNameRange     '0.9.7',
27 silly addNameRange     '0.9.10',
27 silly addNameRange     '0.9.11',
27 silly addNameRange     '0.9.12',
27 silly addNameRange     '0.9.14',
27 silly addNameRange     '0.9.16',
27 silly addNameRange     '0.9.17',
27 silly addNameRange     '1.0.0',
27 silly addNameRange     '1.0.1',
27 silly addNameRange     '1.0.2',
27 silly addNameRange     '1.0.2-rc',
27 silly addNameRange     '0.6.10-a',
27 silly addNameRange     '1.0.2-rc3',
27 silly addNameRange     '1.0.2-rc4',
27 silly addNameRange     '1.0.3',
27 silly addNameRange     '1.0.4',
27 silly addNameRange     '1.0.5',
27 silly addNameRange     '1.0.6',
27 silly addNameRange     '1.0.7',
27 silly addNameRange     '1.0.8',
27 silly addNameRange     '1.0.9',
27 silly addNameRange     '1.0.10',
27 silly addNameRange     '1.0.11',
27 silly addNameRange     '1.0.12',
27 silly addNameRange     '1.0.13',
27 silly addNameRange     '1.0.14',
27 silly addNameRange     '1.0.15',
27 silly addNameRange     '1.0.16',
27 silly addNameRange     '1.0.17-rc1',
27 silly addNameRange     '1.0.17-rc2',
27 silly addNameRange     '1.0.17',
27 silly addNameRange     '1.0.18',
27 silly addNameRange     '1.0.19',
27 silly addNameRange     '1.0.20',
27 silly addNameRange     '1.1.0-alpha',
27 silly addNameRange     '1.1.0',
27 silly addNameRange     '1.1.1',
27 silly addNameRange     '1.2.0',
27 silly addNameRange     '1.2.1',
27 silly addNameRange     '1.3.0-0',
27 silly addNameRange     '1.3.0-1',
27 silly addNameRange     '1.3.0-2',
27 silly addNameRange     '1.3.0-3',
27 silly addNameRange     '1.3.0-4',
27 silly addNameRange     '1.3.0-5',
27 silly addNameRange     '1.3.0-6',
27 silly addNameRange     '1.3.0-7',
27 silly addNameRange     '1.3.0',
27 silly addNameRange     '1.3.1',
27 silly addNameRange     '1.3.2',
27 silly addNameRange     '1.3.3',
27 silly addNameRange     '1.3.5',
27 silly addNameRange     '1.3.6',
27 silly addNameRange     '1.3.7',
27 silly addNameRange     '1.3.8',
27 silly addNameRange     '1.4.0',
27 silly addNameRange     '1.4.1',
27 silly addNameRange     '1.5.0-alpha1',
27 silly addNameRange     '1.5.0-alpha2',
27 silly addNameRange     '1.5.0-alpha3',
27 silly addNameRange     '1.5.0-alpha4',
27 silly addNameRange     '1.4.2',
27 silly addNameRange     '1.5.0',
27 silly addNameRange     '1.5.1' ] ]
28 silly addNamed nodemon@1.5.1
29 verbose addNamed "1.5.1" is a plain semver version for nodemon
30 silly mapToRegistry name nodemon
31 silly mapToRegistry using default registry
32 silly mapToRegistry registry https://registry.npmjs.org/
33 silly mapToRegistry uri https://registry.npmjs.org/nodemon
34 verbose addRemoteTarball https://registry.npmjs.org/nodemon/-/nodemon-1.5.1.tgz not in flight; adding
35 verbose addRemoteTarball [ 'https://registry.npmjs.org/nodemon/-/nodemon-1.5.1.tgz',
35 verbose addRemoteTarball   'd327b81114f11c409c7bbaaa5185e116457e3720' ]
36 info retry fetch attempt 1 at 11:55:12 AM
37 info attempt registry request try #1 at 11:55:12 AM
38 http fetch GET https://registry.npmjs.org/nodemon/-/nodemon-1.5.1.tgz
39 http fetch 200 https://registry.npmjs.org/nodemon/-/nodemon-1.5.1.tgz
40 silly fetchAndShaCheck shasum d327b81114f11c409c7bbaaa5185e116457e3720
41 verbose addTmpTarball /var/folders/tj/vs4p442x6gxfpldq7c7p81tr0000gn/T/npm-4672-524d68cc/registry.npmjs.org/nodemon/-/nodemon-1.5.1.tgz not in flight; adding
42 verbose addTmpTarball already have metadata; skipping unpack for nodemon@1.5.1
43 silly cache afterAdd nodemon@1.5.1
44 verbose afterAdd /Users/glenngonda/.npm/nodemon/1.5.1/package/package.json not in flight; writing
45 verbose afterAdd /Users/glenngonda/.npm/nodemon/1.5.1/package/package.json written
46 silly install resolved [ { name: 'nodemon',
46 silly install resolved     homepage: 'http://nodemon.io',
46 silly install resolved     author: { name: 'Remy Sharp', url: 'http://github.com/remy' },
46 silly install resolved     bin: { nodemon: './bin/nodemon.js' },
46 silly install resolved     engines: { node: '>=0.8' },
46 silly install resolved     repository: { type: 'git', url: 'git+https://github.com/remy/nodemon.git' },
46 silly install resolved     description: 'Simple monitor script for use during development of a node.js app.',
46 silly install resolved     keywords:
46 silly install resolved      [ 'monitor',
46 silly install resolved        'development',
46 silly install resolved        'restart',
46 silly install resolved        'autoload',
46 silly install resolved        'reload',
46 silly install resolved        'terminal' ],
46 silly install resolved     preferGlobal: 'true',
46 silly install resolved     license: 'MIT',
46 silly install resolved     main: './lib/nodemon',
46 silly install resolved     scripts:
46 silly install resolved      { coverage: 'istanbul cover _mocha -- --timeout 30000 --ui bdd --reporter list test/**/*.test.js',
46 silly install resolved        lint: 'jscs lib/**/*.js -v',
46 silly install resolved        spec: 'mocha --timeout 30000 --ui bdd test/**/*.test.js',
46 silly install resolved        test: 'npm run lint && npm run spec',
46 silly install resolved        ':test': 'for FILE in test/**/*.test.js; do echo $FILE; ./node_modules/.bin/mocha --timeout 30000 $FILE; if [ $? -ne 0 ]; then exit 1; fi; sleep 1; done',
46 silly install resolved        web: 'node web',
46 silly install resolved        'semantic-release': 'semantic-release pre && npm publish && semantic-release post' },
46 silly install resolved     devDependencies:
46 silly install resolved      { async: '^1.4.2',
46 silly install resolved        'coffee-script': '~1.7.1',
46 silly install resolved        connect: '~2.19.1',
46 silly install resolved        istanbul: '~0.2.10',
46 silly install resolved        jscs: '^2.1.1',
46 silly install resolved        mocha: '^2.0.1',
46 silly install resolved        should: '~4.0.0',
46 silly install resolved        'semantic-release': '^4.3.4' },
46 silly install resolved     dependencies:
46 silly install resolved      { chokidar: '^1.0.5',
46 silly install resolved        debug: '^2.2.0',
46 silly install resolved        'es6-promise': '^3.0.2',
46 silly install resolved        'lodash.defaults': '^3.1.2',
46 silly install resolved        minimatch: '~0.3.0',
46 silly install resolved        'ps-tree': '~0.0.3',
46 silly install resolved        touch: '~1.0.0',
46 silly install resolved        undefsafe: '0.0.3',
46 silly install resolved        'update-notifier': '^0.5.0' },
46 silly install resolved     version: '1.5.1',
46 silly install resolved     gitHead: '223542e79285c8a55fe81b8b78a84f5755e8101f',
46 silly install resolved     bugs: { url: 'https://github.com/remy/nodemon/issues' },
46 silly install resolved     _id: 'nodemon@1.5.1',
46 silly install resolved     _shasum: 'd327b81114f11c409c7bbaaa5185e116457e3720',
46 silly install resolved     _from: 'nodemon@*',
46 silly install resolved     _npmVersion: '2.14.3',
46 silly install resolved     _nodeVersion: '4.0.0',
46 silly install resolved     _npmUser: { name: 'remy', email: 'remy@leftlogic.com' },
46 silly install resolved     dist:
46 silly install resolved      { shasum: 'd327b81114f11c409c7bbaaa5185e116457e3720',
46 silly install resolved        tarball: 'http://registry.npmjs.org/nodemon/-/nodemon-1.5.1.tgz' },
46 silly install resolved     maintainers: [ [Object] ],
46 silly install resolved     directories: {},
46 silly install resolved     _resolved: 'https://registry.npmjs.org/nodemon/-/nodemon-1.5.1.tgz' } ]
47 info install nodemon@1.5.1 into /usr/local/lib
48 info installOne nodemon@1.5.1
49 verbose installOne of nodemon to /usr/local/lib not in flight; installing
50 verbose lock using /Users/glenngonda/.npm/_locks/nodemon-49f7ed19e778991e.lock for /usr/local/lib/node_modules/nodemon
51 silly install write writing nodemon 1.5.1 to /usr/local/lib/node_modules/nodemon
52 verbose unbuild lib/node_modules/nodemon
53 silly gentlyRm /usr/local/lib/node_modules/nodemon is being purged from base /usr/local
54 verbose gentlyRm don't care about contents; nuking /usr/local/lib/node_modules/nodemon
55 verbose tar unpack /Users/glenngonda/.npm/nodemon/1.5.1/package.tgz
56 verbose tar unpacking to /usr/local/lib/node_modules/nodemon
57 silly gentlyRm /usr/local/lib/node_modules/nodemon is being purged
58 verbose gentlyRm don't care about contents; nuking /usr/local/lib/node_modules/nodemon
59 silly gunzTarPerm modes [ '755', '644' ]
60 error tar.unpack untar error /Users/glenngonda/.npm/nodemon/1.5.1/package.tgz
61 verbose unlock done using /Users/glenngonda/.npm/_locks/nodemon-49f7ed19e778991e.lock for /usr/local/lib/node_modules/nodemon
62 verbose fstream_path /usr/local/lib/node_modules/nodemon
63 verbose fstream_type Directory
64 verbose fstream_class DirWriter
65 verbose stack Error: EACCES, mkdir '/usr/local/lib/node_modules/nodemon'
65 verbose stack     at Error (native)
66 verbose fstream_stack /usr/local/lib/node_modules/npm/node_modules/fstream/lib/dir-writer.js:35:25
66 verbose fstream_stack /usr/local/lib/node_modules/npm/node_modules/mkdirp/index.js:47:53
66 verbose fstream_stack FSReqWrap.oncomplete (fs.js:95:15)
67 verbose cwd /Users/glenngonda/Desktop/habitude
68 error Darwin 14.5.0
69 error argv "node" "/usr/local/bin/npm" "install" "-g" "nodemon"
70 error node v0.12.7
71 error npm  v2.11.3
72 error path /usr/local/lib/node_modules/nodemon
73 error code EACCES
74 error errno -13
75 error Error: EACCES, mkdir '/usr/local/lib/node_modules/nodemon'
75 error     at Error (native)
75 error  { [Error: EACCES, mkdir '/usr/local/lib/node_modules/nodemon']
75 error   errno: -13,
75 error   code: 'EACCES',
75 error   path: '/usr/local/lib/node_modules/nodemon',
75 error   fstream_type: 'Directory',
75 error   fstream_path: '/usr/local/lib/node_modules/nodemon',
75 error   fstream_class: 'DirWriter',
75 error   fstream_stack:
75 error    [ '/usr/local/lib/node_modules/npm/node_modules/fstream/lib/dir-writer.js:35:25',
75 error      '/usr/local/lib/node_modules/npm/node_modules/mkdirp/index.js:47:53',
75 error      'FSReqWrap.oncomplete (fs.js:95:15)' ] }
76 error Please try running this command again as root/Administrator.
77 verbose exit [ -13, true ]
78 verbose unbuild lib/node_modules/nodemon
79 silly gentlyRm /usr/local/lib/node_modules/nodemon is being purged from base /usr/local
80 verbose gentlyRm don't care about contents; nuking /usr/local/lib/node_modules/nodemon
